2017-10-24 2:44:58 - MOD: Modification Default
FILE: system/engine/action.php
REGEX: ~(require|include)(_once)?\(([^)]+)~
LINE: 58
FILE: system/engine/loader.php
REGEX: ~(require|include)(_once)?\(([^)]+)~
LINE: 20
LINE: 37
LINE: 54
LINE: 65
FILE: system/library/config.php
REGEX: ~(require|include)(_once)?\(([^)]+)~
LINE: 23
FILE: system/library/language.php
REGEX: ~(require|include)(_once)?\(([^)]+)~
LINE: 21
LINE: 27
----------------------------------------------------------------
MOD: Shamsi Date For Persian OpenCart
FILE: system/startup.php
CODE: date_default_timezone_set('UTC');
LINE: 10
CODE: error_reporting(E_ALL);
LINE: 3
FILE: admin/language/persian/persian.php
CODE: // Text
LINE: 17
FILE: admin/language/english/english.php
CODE: // Text
LINE: 17
FILE: admin/language/persian/common/footer.php
CODE: JF9bJ3RleHRfZm9vdGVyJ10gCT0gJ9qp2YTbjNmHINit2YLZiNmCINmG2LLYryA8YSBocmVmPSJodHRwOi8vd3d3Lm9wZW5jYXJ0LmlyIj7Yp9m+2YYg2qnYp9ix2Kog2YHYp9ix2LPbjDwvYT4g2YXYrdmB2YjYuCDYp9iz2KouICZjb3B5OyAxMzg4LScgLiBkYXRlKCdZJykgLiAnJzsNCiRfWyd0ZXh0X3ZlcnNpb24nXSAJPSAn2YbYs9iu2YcgJXMnOw==
LINE: 2
FILE: admin/view/template/common/header.tpl
CODE: view/javascript/jquery/datetimepicker/moment.js
LINE: 25
CODE: view/javascript/jquery/datetimepicker/bootstrap-datetimepicker.min.js
LINE: 26
CODE: view/javascript/jquery/datetimepicker/bootstrap-datetimepicker.min.css
LINE: 31
FILE: admin/model/catalog/product.php
CODE: $this->db->escape($data['date_available'])
LINE: 5
LINE: 130
CODE: $this->db->escape($product_discount['date_start'])
LINE: 53
LINE: 187
CODE: date_end = '" . $this->db->escape($product_discount['date_end']) . "'
LINE: 53
LINE: 187
CODE: date_start = '" . $this->db->escape($product_special['date_start']) . "'
LINE: 59
LINE: 195
CODE: date_end = '" . $this->db->escape($product_special['date_end']) . "'
LINE: 59
LINE: 195
FILE: admin/controller/catalog/product.php
CODE: $data['heading_title'] = $this->language->get('heading_title');
LINE: 378
LINE: 525
FILE: admin/view/template/catalog/product_form.tpl
CODE: <?php echo $date_available; ?>
LINE: 252
CODE: <?php echo $product_discount['date_start']; ?>
LINE: 738
CODE: <?php echo $product_discount['date_end']; ?>
LINE: 743
CODE: <?php echo $product_special['date_start']; ?>
LINE: 790
CODE: <?php echo $product_special['date_end']; ?>
LINE: 795
FILE: admin/controller/catalog/download.php
CODE: date($this->language->get('date_format_short')
LINE: 177
FILE: admin/controller/catalog/review.php
CODE: date($this->language->get('date_format_short')
LINE: 273
FILE: admin/controller/dashboard/recent.php
CODE: date($this->language->get('date_format_short')
LINE: 37
FILE: admin/controller/extension/modification.php
CODE: date($this->language->get('date_format_short')
LINE: 673
FILE: admin/controller/localisation/currency.php
CODE: date($this->language->get('date_format_short')
LINE: 212
FILE: admin/controller/localisation/tax_rate.php
CODE: date($this->language->get('date_format_short')
LINE: 180
LINE: 181
FILE: admin/controller/marketing/affiliate.php
CODE: date($this->language->get('date_format_short')
LINE: 414
LINE: 1198
FILE: admin/controller/marketing/marketing.php
CODE: date($this->language->get('date_format_short')
LINE: 253
FILE: admin/controller/report/sale_order.php
CODE: date($this->language->get('date_format_short')
LINE: 90
LINE: 91
FILE: admin/controller/report/sale_return.php
CODE: date($this->language->get('date_format_short')
LINE: 90
LINE: 91
FILE: admin/controller/report/sale_shipping.php
CODE: date($this->language->get('date_format_short')
LINE: 90
LINE: 91
FILE: admin/controller/report/sale_tax.php
CODE: date($this->language->get('date_format_short')
LINE: 92
LINE: 93
FILE: admin/controller/sale/customer.php
CODE: date($this->language->get('date_format_short')
LINE: 484
LINE: 1245
LINE: 1304
LINE: 1365
FILE: admin/controller/sale/order.php
CODE: date($this->language->get('date_format_short')
LINE: 388
LINE: 389
LINE: 1183
LINE: 1184
LINE: 1713
LINE: 1939
LINE: 2133
FILE: admin/controller/sale/recurring.php
CODE: date($this->language->get('date_format_short')
LINE: 139
LINE: 415
FILE: admin/controller/sale/return.php
CODE: date($this->language->get('date_format_short')
LINE: 365
LINE: 366
LINE: 969
FILE: admin/controller/sale/voucher.php
CODE: date($this->language->get('date_format_short')
LINE: 182
LINE: 565
FILE: admin/controller/tool/upload.php
CODE: date($this->language->get('date_format_short')
LINE: 150
FILE: admin/controller/user/api.php
CODE: date($this->language->get('date_format_short')
LINE: 178
FILE: admin/controller/user/user.php
CODE: date($this->language->get('date_format_short')
LINE: 178
FILE: admin/model/sale/return.php
CODE: date($this->language->get('date_format_short')
LINE: 180
FILE: catalog/controller/account/download.php
CODE: date($this->language->get('date_format_short')
LINE: 81
FILE: catalog/controller/account/order.php
CODE: date($this->language->get('date_format_short')
LINE: 74
LINE: 207
LINE: 366
FILE: catalog/controller/account/recurring.php
CODE: date($this->language->get('date_format_short')
LINE: 68
LINE: 165
FILE: catalog/controller/account/return.php
CODE: date($this->language->get('date_format_short')
LINE: 71
LINE: 181
LINE: 182
LINE: 201
FILE: catalog/controller/account/reward.php
CODE: date($this->language->get('date_format_short')
LINE: 67
FILE: catalog/controller/account/transaction.php
CODE: date($this->language->get('date_format_short')
LINE: 66
FILE: catalog/controller/affiliate/transaction.php
CODE: date($this->language->get('date_format_short')
LINE: 66
FILE: catalog/controller/product/product.php
CODE: date($this->language->get('date_format_short')
LINE: 714
CODE: 'date_added' => date('d/m/y', strtotime($result['date_added'])),
LINE: 1417
REGEX: ~\'filter_date_added\'\s+\=\>\s+\$filter_date_added\,~
LINE: 256
REGEX: ~\'filter_date_added\'\s+\=\>\s+\$filter_date_added\,~
LINE: 371
REGEX: ~\'filter_date_added\'\s+\=\>\s+\$filter_date_added\,~
LINE: 126
REGEX: ~\'filter_date_added\'\s+\=\>\s+\$filter_date_added\,~
LINE: 346
REGEX: ~\'filter_date_added\'\s+\=\>\s+\$filter_date_added\,~
LINE: 451
REGEX: ~\'filter_date_added\'\s+\=\>\s+\$filter_date_added\,~
LINE: 383
REGEX: ~\'filter_date_added\'\s+\=\>\s+\$filter_date_added\,~
LINE: 236
REGEX: ~\'filter_date_added\'\s+\=\>\s+\$filter_date_added\,~
LINE: 135
REGEX: ~\'filter_date_modified\'\s+\=\>\s+\$filter_date_modified\,~
LINE: 372
REGEX: ~\'filter_date_modified\'\s+\=\>\s+\$filter_date_modified\,~
LINE: 347
FILE: admin/model/marketing/coupon.php
CODE: date_start = '" . $this->db->escape($data['date_start']) . "', date_end = '" . $this->db->escape($data['date_end']) . "'
LINE: 5
LINE: 29
FILE: admin/controller/marketing/coupon.php
CODE: $data['heading_title'] = $this->language->get('heading_title');
LINE: 187
LINE: 276
CODE: date($this->language->get('date_format_short')
LINE: 179
LINE: 180
LINE: 603
FILE: admin/view/template/marketing/coupon_form.tpl
CODE: <?php echo $date_start; ?>
LINE: 158
CODE: <?php echo $date_end; ?>
LINE: 168
REGEX: ~\'filter_date_start\'\s+\=\>\s+\$filter_date_start\,~i
LINE: 77
REGEX: ~\'filter_date_start\'\s+\=\>\s+\$filter_date_start\,~i
LINE: 77
REGEX: ~\'filter_date_start\'\s+\=\>\s+\$filter_date_start\,~i
LINE: 77
FILE: admin/controller/report/product_purchased.php
REGEX: ~\'filter_date_start\'\s+\=\>\s+\$filter_date_start\,~i
LINE: 67
FILE: admin/controller/report/customer_order.php
REGEX: ~\'filter_date_start\'\s+\=\>\s+\$filter_date_start\,~i
LINE: 67
FILE: admin/controller/report/customer_reward.php
REGEX: ~\'filter_date_start\'\s+\=\>\s+\$filter_date_start\,~i
LINE: 57
FILE: admin/controller/report/customer_credit.php
REGEX: ~\'filter_date_start\'\s+\=\>\s+\$filter_date_start\,~i
LINE: 57
FILE: admin/controller/report/sale_coupon.php
REGEX: ~\'filter_date_start\'\s+\=\>\s+\$filter_date_start\,~i
LINE: 57
REGEX: ~\'filter_date_start\'\s+\=\>\s+\$filter_date_start\,~i
LINE: 77
FILE: admin/controller/report/affiliate.php
REGEX: ~\'filter_date_start\'\s+\=\>\s+\$filter_date_start\,~i
LINE: 57
FILE: admin/controller/report/affiliate_activity.php
REGEX: ~\'filter_date_start\'\s+\=\>\s+\$filter_date_start\,~i
LINE: 79
FILE: admin/controller/report/customer_activity.php
REGEX: ~\'filter_date_start\'\s+\=\>\s+\$filter_date_start\,~i
LINE: 79
FILE: admin/controller/report/marketing.php
REGEX: ~\'filter_date_start\'\s+\=\>\s+\$filter_date_start\,~i
LINE: 67
REGEX: ~\'filter_date_end\'\s+\=\>\s+\$filter_date_end\,~i
LINE: 78
REGEX: ~\'filter_date_end\'\s+\=\>\s+\$filter_date_end\,~i
LINE: 78
REGEX: ~\'filter_date_end\'\s+\=\>\s+\$filter_date_end\,~i
LINE: 78
REGEX: ~\'filter_date_end\'\s+\=\>\s+\$filter_date_end\,~i
LINE: 68
REGEX: ~\'filter_date_end\'\s+\=\>\s+\$filter_date_end\,~i
LINE: 68
REGEX: ~\'filter_date_end\'\s+\=\>\s+\$filter_date_end\,~i
LINE: 58
REGEX: ~\'filter_date_end\'\s+\=\>\s+\$filter_date_end\,~i
LINE: 58
REGEX: ~\'filter_date_end\'\s+\=\>\s+\$filter_date_end\,~i
LINE: 58
REGEX: ~\'filter_date_end\'\s+\=\>\s+\$filter_date_end\,~i
LINE: 78
REGEX: ~\'filter_date_end\'\s+\=\>\s+\$filter_date_end\,~i
LINE: 58
REGEX: ~\'filter_date_end\'\s+\=\>\s+\$filter_date_end\,~i
LINE: 80
REGEX: ~\'filter_date_end\'\s+\=\>\s+\$filter_date_end\,~i
LINE: 80
REGEX: ~\'filter_date_end\'\s+\=\>\s+\$filter_date_end\,~i
LINE: 68
CODE: $filter_date_start = date('Y-m-d', strtotime(date('Y') . '-' . date('m') . '-01'));
LINE: 10
CODE: $filter_date_end = date('Y-m-d');
LINE: 16
FILE: admin/controller/dashboard/activity.php
CODE: date($this->language->get('datetime_format'), strtotime($result['date_added']))
LINE: 36
CODE: date($this->language->get('datetime_format'), strtotime($result['date_added']))
LINE: 94
CODE: date($this->language->get('datetime_format'), strtotime($result['date_added']))
LINE: 104
FILE: admin/controller/report/customer_online.php
CODE: date($this->language->get('datetime_format'), strtotime($result['date_added']))
LINE: 82
FILE: admin/controller/dashboard/chart.php
CODE: $json['xaxis'][] = array(date('w', strtotime($date)), date('D', strtotime($date)));
LINE: 78
CODE: for ($i = 1; $i <= date('t'); $i++) {
LINE: 94
CODE: $json['xaxis'][] = array($i, date('M', mktime(0, 0, 0, $i)));
LINE: 119
FILE: admin/controller/dashboard/sale.php
CODE: date('Y-m-d', strtotime('-1 day'))
LINE: 13
CODE: date('Y-m-d', strtotime('-2 day'))
LINE: 15
FILE: admin/controller/dashboard/customer.php
CODE: date('Y-m-d', strtotime('-1 day'))
LINE: 14
CODE: date('Y-m-d', strtotime('-2 day'))
LINE: 16
FILE: admin/controller/dashboard/order.php
CODE: date('Y-m-d', strtotime('-1 day'))
LINE: 14
CODE: date('Y-m-d', strtotime('-2 day'))
LINE: 16
FILE: catalog/language/persian/persian.php
CODE: // Text
LINE: 17
FILE: catalog/language/english/english.php
CODE: // Text
LINE: 17
CODE: $data['heading_title']
LINE: 233
LINE: 667
CODE: $this->document->addScript('catalog/view/javascript/jquery/datetimepicker/moment.js');
LINE: 228
CODE: $this->document->addScript('catalog/view/javascript/jquery/datetimepicker/bootstrap-datetimepicker.min.js');
LINE: 229
CODE: $this->document->addStyle('catalog/view/javascript/jquery/datetimepicker/bootstrap-datetimepicker.min.css');
LINE: 230
FILE: catalog/controller/account/address.php
CODE: $data['heading_title']
LINE: 177
LINE: 294
CODE: $this->document->addScript('catalog/view/javascript/jquery/datetimepicker/moment.js');
LINE: 31
LINE: 69
CODE: $this->document->addScript('catalog/view/javascript/jquery/datetimepicker/bootstrap-datetimepicker.min.js');
LINE: 32
LINE: 70
CODE: $this->document->addStyle('catalog/view/javascript/jquery/datetimepicker/bootstrap-datetimepicker.min.css');
LINE: 33
LINE: 71
FILE: catalog/controller/account/edit.php
CODE: $data['heading_title']
LINE: 57
CODE: $this->document->addScript('catalog/view/javascript/jquery/datetimepicker/moment.js');
LINE: 15
CODE: $this->document->addScript('catalog/view/javascript/jquery/datetimepicker/bootstrap-datetimepicker.min.js');
LINE: 16
CODE: $this->document->addStyle('catalog/view/javascript/jquery/datetimepicker/bootstrap-datetimepicker.min.css');
LINE: 17
CODE: $data['heading_title']
LINE: 39
LINE: 154
LINE: 255
LINE: 332
LINE: 584
CODE: $this->document->addScript('catalog/view/javascript/jquery/datetimepicker/moment.js');
LINE: 310
CODE: $this->document->addScript('catalog/view/javascript/jquery/datetimepicker/bootstrap-datetimepicker.min.js');
LINE: 311
CODE: $this->document->addStyle('catalog/view/javascript/jquery/datetimepicker/bootstrap-datetimepicker.min.css');
LINE: 312
FILE: catalog/controller/account/register.php
CODE: $data['heading_title']
LINE: 63
CODE: $this->document->addScript('catalog/view/javascript/jquery/datetimepicker/moment.js');
LINE: 16
CODE: $this->document->addScript('catalog/view/javascript/jquery/datetimepicker/bootstrap-datetimepicker.min.js');
LINE: 17
CODE: $this->document->addStyle('catalog/view/javascript/jquery/datetimepicker/bootstrap-datetimepicker.min.css');
LINE: 18
FILE: catalog/controller/checkout/checkout.php
CODE: $data['heading_title']
LINE: 56
CODE: $this->document->addScript('catalog/view/javascript/jquery/datetimepicker/moment.js');
LINE: 29
CODE: $this->document->addScript('catalog/view/javascript/jquery/datetimepicker/bootstrap-datetimepicker.min.js');
LINE: 30
CODE: $this->document->addStyle('catalog/view/javascript/jquery/datetimepicker/bootstrap-datetimepicker.min.css');
LINE: 31
FILE: catalog/model/checkout/order.php
CODE: date($language->get('date_format_short')
LINE: 460
LINE: 616
LINE: 737
LINE: 814
FILE: admin/model/report/customer.php
CODE: for ($i = 1; $i <= date('t'); $i++) {
LINE: 75
CODE: $customer_data[date('j', strtotime($result['date_added']))] = array(
LINE: 88
CODE: for ($i = 1; $i <= 12; $i++) {
LINE: 134
CODE: $customer_data[date('n', strtotime($result['date_added']))] = array(
LINE: 145
FILE: admin/model/report/sale.php
CODE: for ($i = 1; $i <= date('t'); $i++) {
LINE: 111
CODE: $order_data[date('j', strtotime($result['date_added']))] = array(
LINE: 124
CODE: for ($i = 1; $i <= 12; $i++) {
LINE: 176
CODE: $order_data[date('n', strtotime($result['date_added']))] = array(
LINE: 187
CODE: order_status_id IN(" . implode(",", $implode) . ")
LINE: 36
LINE: 68
LINE: 120
LINE: 183
----------------------------------------------------------------
2017-10-24 2:46:46 - MOD: Modification Default
FILE: system/engine/action.php
REGEX: ~(require|include)(_once)?\(([^)]+)~
LINE: 58
FILE: system/engine/loader.php
REGEX: ~(require|include)(_once)?\(([^)]+)~
LINE: 20
LINE: 37
LINE: 54
LINE: 65
FILE: system/library/config.php
REGEX: ~(require|include)(_once)?\(([^)]+)~
LINE: 23
FILE: system/library/language.php
REGEX: ~(require|include)(_once)?\(([^)]+)~
LINE: 21
LINE: 27
----------------------------------------------------------------
2017-10-24 2:47:21 - MOD: Modification Default
FILE: system/engine/action.php
REGEX: ~(require|include)(_once)?\(([^)]+)~
LINE: 58
FILE: system/engine/loader.php
REGEX: ~(require|include)(_once)?\(([^)]+)~
LINE: 20
LINE: 37
LINE: 54
LINE: 65
FILE: system/library/config.php
REGEX: ~(require|include)(_once)?\(([^)]+)~
LINE: 23
FILE: system/library/language.php
REGEX: ~(require|include)(_once)?\(([^)]+)~
LINE: 21
LINE: 27
----------------------------------------------------------------
MOD: Shamsi Date For Persian OpenCart
FILE: system/startup.php
CODE: date_default_timezone_set('UTC');
LINE: 10
CODE: error_reporting(E_ALL);
LINE: 3
FILE: admin/language/persian/persian.php
CODE: // Text
LINE: 17
FILE: admin/language/english/english.php
CODE: // Text
LINE: 17
FILE: admin/language/persian/common/footer.php
CODE: JF9bJ3RleHRfZm9vdGVyJ10gCT0gJ9qp2YTbjNmHINit2YLZiNmCINmG2LLYryA8YSBocmVmPSJodHRwOi8vd3d3Lm9wZW5jYXJ0LmlyIj7Yp9m+2YYg2qnYp9ix2Kog2YHYp9ix2LPbjDwvYT4g2YXYrdmB2YjYuCDYp9iz2KouICZjb3B5OyAxMzg4LScgLiBkYXRlKCdZJykgLiAnJzsNCiRfWyd0ZXh0X3ZlcnNpb24nXSAJPSAn2YbYs9iu2YcgJXMnOw==
LINE: 2
FILE: admin/view/template/common/header.tpl
CODE: view/javascript/jquery/datetimepicker/moment.js
LINE: 25
CODE: view/javascript/jquery/datetimepicker/bootstrap-datetimepicker.min.js
LINE: 26
CODE: view/javascript/jquery/datetimepicker/bootstrap-datetimepicker.min.css
LINE: 31
FILE: admin/model/catalog/product.php
CODE: $this->db->escape($data['date_available'])
LINE: 5
LINE: 130
CODE: $this->db->escape($product_discount['date_start'])
LINE: 53
LINE: 187
CODE: date_end = '" . $this->db->escape($product_discount['date_end']) . "'
LINE: 53
LINE: 187
CODE: date_start = '" . $this->db->escape($product_special['date_start']) . "'
LINE: 59
LINE: 195
CODE: date_end = '" . $this->db->escape($product_special['date_end']) . "'
LINE: 59
LINE: 195
FILE: admin/controller/catalog/product.php
CODE: $data['heading_title'] = $this->language->get('heading_title');
LINE: 378
LINE: 525
FILE: admin/view/template/catalog/product_form.tpl
CODE: <?php echo $date_available; ?>
LINE: 252
CODE: <?php echo $product_discount['date_start']; ?>
LINE: 738
CODE: <?php echo $product_discount['date_end']; ?>
LINE: 743
CODE: <?php echo $product_special['date_start']; ?>
LINE: 790
CODE: <?php echo $product_special['date_end']; ?>
LINE: 795
FILE: admin/controller/catalog/download.php
CODE: date($this->language->get('date_format_short')
LINE: 177
FILE: admin/controller/catalog/review.php
CODE: date($this->language->get('date_format_short')
LINE: 273
FILE: admin/controller/dashboard/recent.php
CODE: date($this->language->get('date_format_short')
LINE: 37
FILE: admin/controller/extension/modification.php
CODE: date($this->language->get('date_format_short')
LINE: 673
FILE: admin/controller/localisation/currency.php
CODE: date($this->language->get('date_format_short')
LINE: 212
FILE: admin/controller/localisation/tax_rate.php
CODE: date($this->language->get('date_format_short')
LINE: 180
LINE: 181
FILE: admin/controller/marketing/affiliate.php
CODE: date($this->language->get('date_format_short')
LINE: 414
LINE: 1198
FILE: admin/controller/marketing/marketing.php
CODE: date($this->language->get('date_format_short')
LINE: 253
FILE: admin/controller/report/sale_order.php
CODE: date($this->language->get('date_format_short')
LINE: 90
LINE: 91
FILE: admin/controller/report/sale_return.php
CODE: date($this->language->get('date_format_short')
LINE: 90
LINE: 91
FILE: admin/controller/report/sale_shipping.php
CODE: date($this->language->get('date_format_short')
LINE: 90
LINE: 91
FILE: admin/controller/report/sale_tax.php
CODE: date($this->language->get('date_format_short')
LINE: 92
LINE: 93
FILE: admin/controller/sale/customer.php
CODE: date($this->language->get('date_format_short')
LINE: 484
LINE: 1245
LINE: 1304
LINE: 1365
FILE: admin/controller/sale/order.php
CODE: date($this->language->get('date_format_short')
LINE: 388
LINE: 389
LINE: 1183
LINE: 1184
LINE: 1713
LINE: 1939
LINE: 2133
FILE: admin/controller/sale/recurring.php
CODE: date($this->language->get('date_format_short')
LINE: 139
LINE: 415
FILE: admin/controller/sale/return.php
CODE: date($this->language->get('date_format_short')
LINE: 365
LINE: 366
LINE: 969
FILE: admin/controller/sale/voucher.php
CODE: date($this->language->get('date_format_short')
LINE: 182
LINE: 565
FILE: admin/controller/tool/upload.php
CODE: date($this->language->get('date_format_short')
LINE: 150
FILE: admin/controller/user/api.php
CODE: date($this->language->get('date_format_short')
LINE: 178
FILE: admin/controller/user/user.php
CODE: date($this->language->get('date_format_short')
LINE: 178
FILE: admin/model/sale/return.php
CODE: date($this->language->get('date_format_short')
LINE: 180
FILE: catalog/controller/account/download.php
CODE: date($this->language->get('date_format_short')
LINE: 81
FILE: catalog/controller/account/order.php
CODE: date($this->language->get('date_format_short')
LINE: 74
LINE: 207
LINE: 366
FILE: catalog/controller/account/recurring.php
CODE: date($this->language->get('date_format_short')
LINE: 68
LINE: 165
FILE: catalog/controller/account/return.php
CODE: date($this->language->get('date_format_short')
LINE: 71
LINE: 181
LINE: 182
LINE: 201
FILE: catalog/controller/account/reward.php
CODE: date($this->language->get('date_format_short')
LINE: 67
FILE: catalog/controller/account/transaction.php
CODE: date($this->language->get('date_format_short')
LINE: 66
FILE: catalog/controller/affiliate/transaction.php
CODE: date($this->language->get('date_format_short')
LINE: 66
FILE: catalog/controller/product/product.php
CODE: date($this->language->get('date_format_short')
LINE: 714
CODE: 'date_added' => date('d/m/y', strtotime($result['date_added'])),
LINE: 1417
REGEX: ~\'filter_date_added\'\s+\=\>\s+\$filter_date_added\,~
LINE: 256
REGEX: ~\'filter_date_added\'\s+\=\>\s+\$filter_date_added\,~
LINE: 371
REGEX: ~\'filter_date_added\'\s+\=\>\s+\$filter_date_added\,~
LINE: 126
REGEX: ~\'filter_date_added\'\s+\=\>\s+\$filter_date_added\,~
LINE: 346
REGEX: ~\'filter_date_added\'\s+\=\>\s+\$filter_date_added\,~
LINE: 451
REGEX: ~\'filter_date_added\'\s+\=\>\s+\$filter_date_added\,~
LINE: 383
REGEX: ~\'filter_date_added\'\s+\=\>\s+\$filter_date_added\,~
LINE: 236
REGEX: ~\'filter_date_added\'\s+\=\>\s+\$filter_date_added\,~
LINE: 135
REGEX: ~\'filter_date_modified\'\s+\=\>\s+\$filter_date_modified\,~
LINE: 372
REGEX: ~\'filter_date_modified\'\s+\=\>\s+\$filter_date_modified\,~
LINE: 347
FILE: admin/model/marketing/coupon.php
CODE: date_start = '" . $this->db->escape($data['date_start']) . "', date_end = '" . $this->db->escape($data['date_end']) . "'
LINE: 5
LINE: 29
FILE: admin/controller/marketing/coupon.php
CODE: $data['heading_title'] = $this->language->get('heading_title');
LINE: 187
LINE: 276
CODE: date($this->language->get('date_format_short')
LINE: 179
LINE: 180
LINE: 603
FILE: admin/view/template/marketing/coupon_form.tpl
CODE: <?php echo $date_start; ?>
LINE: 158
CODE: <?php echo $date_end; ?>
LINE: 168
REGEX: ~\'filter_date_start\'\s+\=\>\s+\$filter_date_start\,~i
LINE: 77
REGEX: ~\'filter_date_start\'\s+\=\>\s+\$filter_date_start\,~i
LINE: 77
REGEX: ~\'filter_date_start\'\s+\=\>\s+\$filter_date_start\,~i
LINE: 77
FILE: admin/controller/report/product_purchased.php
REGEX: ~\'filter_date_start\'\s+\=\>\s+\$filter_date_start\,~i
LINE: 67
FILE: admin/controller/report/customer_order.php
REGEX: ~\'filter_date_start\'\s+\=\>\s+\$filter_date_start\,~i
LINE: 67
FILE: admin/controller/report/customer_reward.php
REGEX: ~\'filter_date_start\'\s+\=\>\s+\$filter_date_start\,~i
LINE: 57
FILE: admin/controller/report/customer_credit.php
REGEX: ~\'filter_date_start\'\s+\=\>\s+\$filter_date_start\,~i
LINE: 57
FILE: admin/controller/report/sale_coupon.php
REGEX: ~\'filter_date_start\'\s+\=\>\s+\$filter_date_start\,~i
LINE: 57
REGEX: ~\'filter_date_start\'\s+\=\>\s+\$filter_date_start\,~i
LINE: 77
FILE: admin/controller/report/affiliate.php
REGEX: ~\'filter_date_start\'\s+\=\>\s+\$filter_date_start\,~i
LINE: 57
FILE: admin/controller/report/affiliate_activity.php
REGEX: ~\'filter_date_start\'\s+\=\>\s+\$filter_date_start\,~i
LINE: 79
FILE: admin/controller/report/customer_activity.php
REGEX: ~\'filter_date_start\'\s+\=\>\s+\$filter_date_start\,~i
LINE: 79
FILE: admin/controller/report/marketing.php
REGEX: ~\'filter_date_start\'\s+\=\>\s+\$filter_date_start\,~i
LINE: 67
REGEX: ~\'filter_date_end\'\s+\=\>\s+\$filter_date_end\,~i
LINE: 78
REGEX: ~\'filter_date_end\'\s+\=\>\s+\$filter_date_end\,~i
LINE: 78
REGEX: ~\'filter_date_end\'\s+\=\>\s+\$filter_date_end\,~i
LINE: 78
REGEX: ~\'filter_date_end\'\s+\=\>\s+\$filter_date_end\,~i
LINE: 68
REGEX: ~\'filter_date_end\'\s+\=\>\s+\$filter_date_end\,~i
LINE: 68
REGEX: ~\'filter_date_end\'\s+\=\>\s+\$filter_date_end\,~i
LINE: 58
REGEX: ~\'filter_date_end\'\s+\=\>\s+\$filter_date_end\,~i
LINE: 58
REGEX: ~\'filter_date_end\'\s+\=\>\s+\$filter_date_end\,~i
LINE: 58
REGEX: ~\'filter_date_end\'\s+\=\>\s+\$filter_date_end\,~i
LINE: 78
REGEX: ~\'filter_date_end\'\s+\=\>\s+\$filter_date_end\,~i
LINE: 58
REGEX: ~\'filter_date_end\'\s+\=\>\s+\$filter_date_end\,~i
LINE: 80
REGEX: ~\'filter_date_end\'\s+\=\>\s+\$filter_date_end\,~i
LINE: 80
REGEX: ~\'filter_date_end\'\s+\=\>\s+\$filter_date_end\,~i
LINE: 68
CODE: $filter_date_start = date('Y-m-d', strtotime(date('Y') . '-' . date('m') . '-01'));
LINE: 10
CODE: $filter_date_end = date('Y-m-d');
LINE: 16
FILE: admin/controller/dashboard/activity.php
CODE: date($this->language->get('datetime_format'), strtotime($result['date_added']))
LINE: 36
CODE: date($this->language->get('datetime_format'), strtotime($result['date_added']))
LINE: 94
CODE: date($this->language->get('datetime_format'), strtotime($result['date_added']))
LINE: 104
FILE: admin/controller/report/customer_online.php
CODE: date($this->language->get('datetime_format'), strtotime($result['date_added']))
LINE: 82
FILE: admin/controller/dashboard/chart.php
CODE: $json['xaxis'][] = array(date('w', strtotime($date)), date('D', strtotime($date)));
LINE: 78
CODE: for ($i = 1; $i <= date('t'); $i++) {
LINE: 94
CODE: $json['xaxis'][] = array($i, date('M', mktime(0, 0, 0, $i)));
LINE: 119
FILE: admin/controller/dashboard/sale.php
CODE: date('Y-m-d', strtotime('-1 day'))
LINE: 13
CODE: date('Y-m-d', strtotime('-2 day'))
LINE: 15
FILE: admin/controller/dashboard/customer.php
CODE: date('Y-m-d', strtotime('-1 day'))
LINE: 14
CODE: date('Y-m-d', strtotime('-2 day'))
LINE: 16
FILE: admin/controller/dashboard/order.php
CODE: date('Y-m-d', strtotime('-1 day'))
LINE: 14
CODE: date('Y-m-d', strtotime('-2 day'))
LINE: 16
FILE: catalog/language/persian/persian.php
CODE: // Text
LINE: 17
FILE: catalog/language/english/english.php
CODE: // Text
LINE: 17
CODE: $data['heading_title']
LINE: 233
LINE: 667
CODE: $this->document->addScript('catalog/view/javascript/jquery/datetimepicker/moment.js');
LINE: 228
CODE: $this->document->addScript('catalog/view/javascript/jquery/datetimepicker/bootstrap-datetimepicker.min.js');
LINE: 229
CODE: $this->document->addStyle('catalog/view/javascript/jquery/datetimepicker/bootstrap-datetimepicker.min.css');
LINE: 230
FILE: catalog/controller/account/address.php
CODE: $data['heading_title']
LINE: 177
LINE: 294
CODE: $this->document->addScript('catalog/view/javascript/jquery/datetimepicker/moment.js');
LINE: 31
LINE: 69
CODE: $this->document->addScript('catalog/view/javascript/jquery/datetimepicker/bootstrap-datetimepicker.min.js');
LINE: 32
LINE: 70
CODE: $this->document->addStyle('catalog/view/javascript/jquery/datetimepicker/bootstrap-datetimepicker.min.css');
LINE: 33
LINE: 71
FILE: catalog/controller/account/edit.php
CODE: $data['heading_title']
LINE: 57
CODE: $this->document->addScript('catalog/view/javascript/jquery/datetimepicker/moment.js');
LINE: 15
CODE: $this->document->addScript('catalog/view/javascript/jquery/datetimepicker/bootstrap-datetimepicker.min.js');
LINE: 16
CODE: $this->document->addStyle('catalog/view/javascript/jquery/datetimepicker/bootstrap-datetimepicker.min.css');
LINE: 17
CODE: $data['heading_title']
LINE: 39
LINE: 154
LINE: 255
LINE: 332
LINE: 584
CODE: $this->document->addScript('catalog/view/javascript/jquery/datetimepicker/moment.js');
LINE: 310
CODE: $this->document->addScript('catalog/view/javascript/jquery/datetimepicker/bootstrap-datetimepicker.min.js');
LINE: 311
CODE: $this->document->addStyle('catalog/view/javascript/jquery/datetimepicker/bootstrap-datetimepicker.min.css');
LINE: 312
FILE: catalog/controller/account/register.php
CODE: $data['heading_title']
LINE: 63
CODE: $this->document->addScript('catalog/view/javascript/jquery/datetimepicker/moment.js');
LINE: 16
CODE: $this->document->addScript('catalog/view/javascript/jquery/datetimepicker/bootstrap-datetimepicker.min.js');
LINE: 17
CODE: $this->document->addStyle('catalog/view/javascript/jquery/datetimepicker/bootstrap-datetimepicker.min.css');
LINE: 18
FILE: catalog/controller/checkout/checkout.php
CODE: $data['heading_title']
LINE: 56
CODE: $this->document->addScript('catalog/view/javascript/jquery/datetimepicker/moment.js');
LINE: 29
CODE: $this->document->addScript('catalog/view/javascript/jquery/datetimepicker/bootstrap-datetimepicker.min.js');
LINE: 30
CODE: $this->document->addStyle('catalog/view/javascript/jquery/datetimepicker/bootstrap-datetimepicker.min.css');
LINE: 31
FILE: catalog/model/checkout/order.php
CODE: date($language->get('date_format_short')
LINE: 460
LINE: 616
LINE: 737
LINE: 814
FILE: admin/model/report/customer.php
CODE: for ($i = 1; $i <= date('t'); $i++) {
LINE: 75
CODE: $customer_data[date('j', strtotime($result['date_added']))] = array(
LINE: 88
CODE: for ($i = 1; $i <= 12; $i++) {
LINE: 134
CODE: $customer_data[date('n', strtotime($result['date_added']))] = array(
LINE: 145
FILE: admin/model/report/sale.php
CODE: for ($i = 1; $i <= date('t'); $i++) {
LINE: 111
CODE: $order_data[date('j', strtotime($result['date_added']))] = array(
LINE: 124
CODE: for ($i = 1; $i <= 12; $i++) {
LINE: 176
CODE: $order_data[date('n', strtotime($result['date_added']))] = array(
LINE: 187
CODE: order_status_id IN(" . implode(",", $implode) . ")
LINE: 36
LINE: 68
LINE: 120
LINE: 183
----------------------------------------------------------------
2017-10-24 2:47:33 - MOD: Modification Default
FILE: system/engine/action.php
REGEX: ~(require|include)(_once)?\(([^)]+)~
LINE: 58
FILE: system/engine/loader.php
REGEX: ~(require|include)(_once)?\(([^)]+)~
LINE: 20
LINE: 37
LINE: 54
LINE: 65
FILE: system/library/config.php
REGEX: ~(require|include)(_once)?\(([^)]+)~
LINE: 23
FILE: system/library/language.php
REGEX: ~(require|include)(_once)?\(([^)]+)~
LINE: 21
LINE: 27
----------------------------------------------------------------
MOD: Shamsi Date For Persian OpenCart
FILE: system/startup.php
CODE: date_default_timezone_set('UTC');
LINE: 10
CODE: error_reporting(E_ALL);
LINE: 3
FILE: admin/language/persian/persian.php
CODE: // Text
LINE: 17
FILE: admin/language/english/english.php
CODE: // Text
LINE: 17
FILE: admin/language/persian/common/footer.php
CODE: JF9bJ3RleHRfZm9vdGVyJ10gCT0gJ9qp2YTbjNmHINit2YLZiNmCINmG2LLYryA8YSBocmVmPSJodHRwOi8vd3d3Lm9wZW5jYXJ0LmlyIj7Yp9m+2YYg2qnYp9ix2Kog2YHYp9ix2LPbjDwvYT4g2YXYrdmB2YjYuCDYp9iz2KouICZjb3B5OyAxMzg4LScgLiBkYXRlKCdZJykgLiAnJzsNCiRfWyd0ZXh0X3ZlcnNpb24nXSAJPSAn2YbYs9iu2YcgJXMnOw==
LINE: 2
FILE: admin/view/template/common/header.tpl
CODE: view/javascript/jquery/datetimepicker/moment.js
LINE: 25
CODE: view/javascript/jquery/datetimepicker/bootstrap-datetimepicker.min.js
LINE: 26
CODE: view/javascript/jquery/datetimepicker/bootstrap-datetimepicker.min.css
LINE: 31
FILE: admin/model/catalog/product.php
CODE: $this->db->escape($data['date_available'])
LINE: 5
LINE: 130
CODE: $this->db->escape($product_discount['date_start'])
LINE: 53
LINE: 187
CODE: date_end = '" . $this->db->escape($product_discount['date_end']) . "'
LINE: 53
LINE: 187
CODE: date_start = '" . $this->db->escape($product_special['date_start']) . "'
LINE: 59
LINE: 195
CODE: date_end = '" . $this->db->escape($product_special['date_end']) . "'
LINE: 59
LINE: 195
FILE: admin/controller/catalog/product.php
CODE: $data['heading_title'] = $this->language->get('heading_title');
LINE: 378
LINE: 525
FILE: admin/view/template/catalog/product_form.tpl
CODE: <?php echo $date_available; ?>
LINE: 252
CODE: <?php echo $product_discount['date_start']; ?>
LINE: 738
CODE: <?php echo $product_discount['date_end']; ?>
LINE: 743
CODE: <?php echo $product_special['date_start']; ?>
LINE: 790
CODE: <?php echo $product_special['date_end']; ?>
LINE: 795
FILE: admin/controller/catalog/download.php
CODE: date($this->language->get('date_format_short')
LINE: 177
FILE: admin/controller/catalog/review.php
CODE: date($this->language->get('date_format_short')
LINE: 273
FILE: admin/controller/dashboard/recent.php
CODE: date($this->language->get('date_format_short')
LINE: 37
FILE: admin/controller/extension/modification.php
CODE: date($this->language->get('date_format_short')
LINE: 673
FILE: admin/controller/localisation/currency.php
CODE: date($this->language->get('date_format_short')
LINE: 212
FILE: admin/controller/localisation/tax_rate.php
CODE: date($this->language->get('date_format_short')
LINE: 180
LINE: 181
FILE: admin/controller/marketing/affiliate.php
CODE: date($this->language->get('date_format_short')
LINE: 414
LINE: 1198
FILE: admin/controller/marketing/marketing.php
CODE: date($this->language->get('date_format_short')
LINE: 253
FILE: admin/controller/report/sale_order.php
CODE: date($this->language->get('date_format_short')
LINE: 90
LINE: 91
FILE: admin/controller/report/sale_return.php
CODE: date($this->language->get('date_format_short')
LINE: 90
LINE: 91
FILE: admin/controller/report/sale_shipping.php
CODE: date($this->language->get('date_format_short')
LINE: 90
LINE: 91
FILE: admin/controller/report/sale_tax.php
CODE: date($this->language->get('date_format_short')
LINE: 92
LINE: 93
FILE: admin/controller/sale/customer.php
CODE: date($this->language->get('date_format_short')
LINE: 484
LINE: 1245
LINE: 1304
LINE: 1365
FILE: admin/controller/sale/order.php
CODE: date($this->language->get('date_format_short')
LINE: 388
LINE: 389
LINE: 1183
LINE: 1184
LINE: 1713
LINE: 1939
LINE: 2133
FILE: admin/controller/sale/recurring.php
CODE: date($this->language->get('date_format_short')
LINE: 139
LINE: 415
FILE: admin/controller/sale/return.php
CODE: date($this->language->get('date_format_short')
LINE: 365
LINE: 366
LINE: 969
FILE: admin/controller/sale/voucher.php
CODE: date($this->language->get('date_format_short')
LINE: 182
LINE: 565
FILE: admin/controller/tool/upload.php
CODE: date($this->language->get('date_format_short')
LINE: 150
FILE: admin/controller/user/api.php
CODE: date($this->language->get('date_format_short')
LINE: 178
FILE: admin/controller/user/user.php
CODE: date($this->language->get('date_format_short')
LINE: 178
FILE: admin/model/sale/return.php
CODE: date($this->language->get('date_format_short')
LINE: 180
FILE: catalog/controller/account/download.php
CODE: date($this->language->get('date_format_short')
LINE: 81
FILE: catalog/controller/account/order.php
CODE: date($this->language->get('date_format_short')
LINE: 74
LINE: 207
LINE: 366
FILE: catalog/controller/account/recurring.php
CODE: date($this->language->get('date_format_short')
LINE: 68
LINE: 165
FILE: catalog/controller/account/return.php
CODE: date($this->language->get('date_format_short')
LINE: 71
LINE: 181
LINE: 182
LINE: 201
FILE: catalog/controller/account/reward.php
CODE: date($this->language->get('date_format_short')
LINE: 67
FILE: catalog/controller/account/transaction.php
CODE: date($this->language->get('date_format_short')
LINE: 66
FILE: catalog/controller/affiliate/transaction.php
CODE: date($this->language->get('date_format_short')
LINE: 66
FILE: catalog/controller/product/product.php
CODE: date($this->language->get('date_format_short')
LINE: 714
CODE: 'date_added' => date('d/m/y', strtotime($result['date_added'])),
LINE: 1417
REGEX: ~\'filter_date_added\'\s+\=\>\s+\$filter_date_added\,~
LINE: 256
REGEX: ~\'filter_date_added\'\s+\=\>\s+\$filter_date_added\,~
LINE: 371
REGEX: ~\'filter_date_added\'\s+\=\>\s+\$filter_date_added\,~
LINE: 126
REGEX: ~\'filter_date_added\'\s+\=\>\s+\$filter_date_added\,~
LINE: 346
REGEX: ~\'filter_date_added\'\s+\=\>\s+\$filter_date_added\,~
LINE: 451
REGEX: ~\'filter_date_added\'\s+\=\>\s+\$filter_date_added\,~
LINE: 383
REGEX: ~\'filter_date_added\'\s+\=\>\s+\$filter_date_added\,~
LINE: 236
REGEX: ~\'filter_date_added\'\s+\=\>\s+\$filter_date_added\,~
LINE: 135
REGEX: ~\'filter_date_modified\'\s+\=\>\s+\$filter_date_modified\,~
LINE: 372
REGEX: ~\'filter_date_modified\'\s+\=\>\s+\$filter_date_modified\,~
LINE: 347
FILE: admin/model/marketing/coupon.php
CODE: date_start = '" . $this->db->escape($data['date_start']) . "', date_end = '" . $this->db->escape($data['date_end']) . "'
LINE: 5
LINE: 29
FILE: admin/controller/marketing/coupon.php
CODE: $data['heading_title'] = $this->language->get('heading_title');
LINE: 187
LINE: 276
CODE: date($this->language->get('date_format_short')
LINE: 179
LINE: 180
LINE: 603
FILE: admin/view/template/marketing/coupon_form.tpl
CODE: <?php echo $date_start; ?>
LINE: 158
CODE: <?php echo $date_end; ?>
LINE: 168
REGEX: ~\'filter_date_start\'\s+\=\>\s+\$filter_date_start\,~i
LINE: 77
REGEX: ~\'filter_date_start\'\s+\=\>\s+\$filter_date_start\,~i
LINE: 77
REGEX: ~\'filter_date_start\'\s+\=\>\s+\$filter_date_start\,~i
LINE: 77
FILE: admin/controller/report/product_purchased.php
REGEX: ~\'filter_date_start\'\s+\=\>\s+\$filter_date_start\,~i
LINE: 67
FILE: admin/controller/report/customer_order.php
REGEX: ~\'filter_date_start\'\s+\=\>\s+\$filter_date_start\,~i
LINE: 67
FILE: admin/controller/report/customer_reward.php
REGEX: ~\'filter_date_start\'\s+\=\>\s+\$filter_date_start\,~i
LINE: 57
FILE: admin/controller/report/customer_credit.php
REGEX: ~\'filter_date_start\'\s+\=\>\s+\$filter_date_start\,~i
LINE: 57
FILE: admin/controller/report/sale_coupon.php
REGEX: ~\'filter_date_start\'\s+\=\>\s+\$filter_date_start\,~i
LINE: 57
REGEX: ~\'filter_date_start\'\s+\=\>\s+\$filter_date_start\,~i
LINE: 77
FILE: admin/controller/report/affiliate.php
REGEX: ~\'filter_date_start\'\s+\=\>\s+\$filter_date_start\,~i
LINE: 57
FILE: admin/controller/report/affiliate_activity.php
REGEX: ~\'filter_date_start\'\s+\=\>\s+\$filter_date_start\,~i
LINE: 79
FILE: admin/controller/report/customer_activity.php
REGEX: ~\'filter_date_start\'\s+\=\>\s+\$filter_date_start\,~i
LINE: 79
FILE: admin/controller/report/marketing.php
REGEX: ~\'filter_date_start\'\s+\=\>\s+\$filter_date_start\,~i
LINE: 67
REGEX: ~\'filter_date_end\'\s+\=\>\s+\$filter_date_end\,~i
LINE: 78
REGEX: ~\'filter_date_end\'\s+\=\>\s+\$filter_date_end\,~i
LINE: 78
REGEX: ~\'filter_date_end\'\s+\=\>\s+\$filter_date_end\,~i
LINE: 78
REGEX: ~\'filter_date_end\'\s+\=\>\s+\$filter_date_end\,~i
LINE: 68
REGEX: ~\'filter_date_end\'\s+\=\>\s+\$filter_date_end\,~i
LINE: 68
REGEX: ~\'filter_date_end\'\s+\=\>\s+\$filter_date_end\,~i
LINE: 58
REGEX: ~\'filter_date_end\'\s+\=\>\s+\$filter_date_end\,~i
LINE: 58
REGEX: ~\'filter_date_end\'\s+\=\>\s+\$filter_date_end\,~i
LINE: 58
REGEX: ~\'filter_date_end\'\s+\=\>\s+\$filter_date_end\,~i
LINE: 78
REGEX: ~\'filter_date_end\'\s+\=\>\s+\$filter_date_end\,~i
LINE: 58
REGEX: ~\'filter_date_end\'\s+\=\>\s+\$filter_date_end\,~i
LINE: 80
REGEX: ~\'filter_date_end\'\s+\=\>\s+\$filter_date_end\,~i
LINE: 80
REGEX: ~\'filter_date_end\'\s+\=\>\s+\$filter_date_end\,~i
LINE: 68
CODE: $filter_date_start = date('Y-m-d', strtotime(date('Y') . '-' . date('m') . '-01'));
LINE: 10
CODE: $filter_date_end = date('Y-m-d');
LINE: 16
FILE: admin/controller/dashboard/activity.php
CODE: date($this->language->get('datetime_format'), strtotime($result['date_added']))
LINE: 36
CODE: date($this->language->get('datetime_format'), strtotime($result['date_added']))
LINE: 94
CODE: date($this->language->get('datetime_format'), strtotime($result['date_added']))
LINE: 104
FILE: admin/controller/report/customer_online.php
CODE: date($this->language->get('datetime_format'), strtotime($result['date_added']))
LINE: 82
FILE: admin/controller/dashboard/chart.php
CODE: $json['xaxis'][] = array(date('w', strtotime($date)), date('D', strtotime($date)));
LINE: 78
CODE: for ($i = 1; $i <= date('t'); $i++) {
LINE: 94
CODE: $json['xaxis'][] = array($i, date('M', mktime(0, 0, 0, $i)));
LINE: 119
FILE: admin/controller/dashboard/sale.php
CODE: date('Y-m-d', strtotime('-1 day'))
LINE: 13
CODE: date('Y-m-d', strtotime('-2 day'))
LINE: 15
FILE: admin/controller/dashboard/customer.php
CODE: date('Y-m-d', strtotime('-1 day'))
LINE: 14
CODE: date('Y-m-d', strtotime('-2 day'))
LINE: 16
FILE: admin/controller/dashboard/order.php
CODE: date('Y-m-d', strtotime('-1 day'))
LINE: 14
CODE: date('Y-m-d', strtotime('-2 day'))
LINE: 16
FILE: catalog/language/persian/persian.php
CODE: // Text
LINE: 17
FILE: catalog/language/english/english.php
CODE: // Text
LINE: 17
CODE: $data['heading_title']
LINE: 233
LINE: 667
CODE: $this->document->addScript('catalog/view/javascript/jquery/datetimepicker/moment.js');
LINE: 228
CODE: $this->document->addScript('catalog/view/javascript/jquery/datetimepicker/bootstrap-datetimepicker.min.js');
LINE: 229
CODE: $this->document->addStyle('catalog/view/javascript/jquery/datetimepicker/bootstrap-datetimepicker.min.css');
LINE: 230
FILE: catalog/controller/account/address.php
CODE: $data['heading_title']
LINE: 177
LINE: 294
CODE: $this->document->addScript('catalog/view/javascript/jquery/datetimepicker/moment.js');
LINE: 31
LINE: 69
CODE: $this->document->addScript('catalog/view/javascript/jquery/datetimepicker/bootstrap-datetimepicker.min.js');
LINE: 32
LINE: 70
CODE: $this->document->addStyle('catalog/view/javascript/jquery/datetimepicker/bootstrap-datetimepicker.min.css');
LINE: 33
LINE: 71
FILE: catalog/controller/account/edit.php
CODE: $data['heading_title']
LINE: 57
CODE: $this->document->addScript('catalog/view/javascript/jquery/datetimepicker/moment.js');
LINE: 15
CODE: $this->document->addScript('catalog/view/javascript/jquery/datetimepicker/bootstrap-datetimepicker.min.js');
LINE: 16
CODE: $this->document->addStyle('catalog/view/javascript/jquery/datetimepicker/bootstrap-datetimepicker.min.css');
LINE: 17
CODE: $data['heading_title']
LINE: 39
LINE: 154
LINE: 255
LINE: 332
LINE: 584
CODE: $this->document->addScript('catalog/view/javascript/jquery/datetimepicker/moment.js');
LINE: 310
CODE: $this->document->addScript('catalog/view/javascript/jquery/datetimepicker/bootstrap-datetimepicker.min.js');
LINE: 311
CODE: $this->document->addStyle('catalog/view/javascript/jquery/datetimepicker/bootstrap-datetimepicker.min.css');
LINE: 312
FILE: catalog/controller/account/register.php
CODE: $data['heading_title']
LINE: 63
CODE: $this->document->addScript('catalog/view/javascript/jquery/datetimepicker/moment.js');
LINE: 16
CODE: $this->document->addScript('catalog/view/javascript/jquery/datetimepicker/bootstrap-datetimepicker.min.js');
LINE: 17
CODE: $this->document->addStyle('catalog/view/javascript/jquery/datetimepicker/bootstrap-datetimepicker.min.css');
LINE: 18
FILE: catalog/controller/checkout/checkout.php
CODE: $data['heading_title']
LINE: 56
CODE: $this->document->addScript('catalog/view/javascript/jquery/datetimepicker/moment.js');
LINE: 29
CODE: $this->document->addScript('catalog/view/javascript/jquery/datetimepicker/bootstrap-datetimepicker.min.js');
LINE: 30
CODE: $this->document->addStyle('catalog/view/javascript/jquery/datetimepicker/bootstrap-datetimepicker.min.css');
LINE: 31
FILE: catalog/model/checkout/order.php
CODE: date($language->get('date_format_short')
LINE: 460
LINE: 616
LINE: 737
LINE: 814
FILE: admin/model/report/customer.php
CODE: for ($i = 1; $i <= date('t'); $i++) {
LINE: 75
CODE: $customer_data[date('j', strtotime($result['date_added']))] = array(
LINE: 88
CODE: for ($i = 1; $i <= 12; $i++) {
LINE: 134
CODE: $customer_data[date('n', strtotime($result['date_added']))] = array(
LINE: 145
FILE: admin/model/report/sale.php
CODE: for ($i = 1; $i <= date('t'); $i++) {
LINE: 111
CODE: $order_data[date('j', strtotime($result['date_added']))] = array(
LINE: 124
CODE: for ($i = 1; $i <= 12; $i++) {
LINE: 176
CODE: $order_data[date('n', strtotime($result['date_added']))] = array(
LINE: 187
CODE: order_status_id IN(" . implode(",", $implode) . ")
LINE: 36
LINE: 68
LINE: 120
LINE: 183
----------------------------------------------------------------
2017-10-24 2:47:39 - MOD: Modification Default
FILE: system/engine/action.php
REGEX: ~(require|include)(_once)?\(([^)]+)~
LINE: 58
FILE: system/engine/loader.php
REGEX: ~(require|include)(_once)?\(([^)]+)~
LINE: 20
LINE: 37
LINE: 54
LINE: 65
FILE: system/library/config.php
REGEX: ~(require|include)(_once)?\(([^)]+)~
LINE: 23
FILE: system/library/language.php
REGEX: ~(require|include)(_once)?\(([^)]+)~
LINE: 21
LINE: 27
----------------------------------------------------------------
MOD: Shamsi Date For Persian OpenCart
FILE: system/startup.php
CODE: date_default_timezone_set('UTC');
LINE: 10
CODE: error_reporting(E_ALL);
LINE: 3
FILE: admin/language/persian/persian.php
CODE: // Text
LINE: 17
FILE: admin/language/english/english.php
CODE: // Text
LINE: 17
FILE: admin/language/persian/common/footer.php
CODE: JF9bJ3RleHRfZm9vdGVyJ10gCT0gJ9qp2YTbjNmHINit2YLZiNmCINmG2LLYryA8YSBocmVmPSJodHRwOi8vd3d3Lm9wZW5jYXJ0LmlyIj7Yp9m+2YYg2qnYp9ix2Kog2YHYp9ix2LPbjDwvYT4g2YXYrdmB2YjYuCDYp9iz2KouICZjb3B5OyAxMzg4LScgLiBkYXRlKCdZJykgLiAnJzsNCiRfWyd0ZXh0X3ZlcnNpb24nXSAJPSAn2YbYs9iu2YcgJXMnOw==
LINE: 2
FILE: admin/view/template/common/header.tpl
CODE: view/javascript/jquery/datetimepicker/moment.js
LINE: 25
CODE: view/javascript/jquery/datetimepicker/bootstrap-datetimepicker.min.js
LINE: 26
CODE: view/javascript/jquery/datetimepicker/bootstrap-datetimepicker.min.css
LINE: 31
FILE: admin/model/catalog/product.php
CODE: $this->db->escape($data['date_available'])
LINE: 5
LINE: 130
CODE: $this->db->escape($product_discount['date_start'])
LINE: 53
LINE: 187
CODE: date_end = '" . $this->db->escape($product_discount['date_end']) . "'
LINE: 53
LINE: 187
CODE: date_start = '" . $this->db->escape($product_special['date_start']) . "'
LINE: 59
LINE: 195
CODE: date_end = '" . $this->db->escape($product_special['date_end']) . "'
LINE: 59
LINE: 195
FILE: admin/controller/catalog/product.php
CODE: $data['heading_title'] = $this->language->get('heading_title');
LINE: 378
LINE: 525
FILE: admin/view/template/catalog/product_form.tpl
CODE: <?php echo $date_available; ?>
LINE: 252
CODE: <?php echo $product_discount['date_start']; ?>
LINE: 738
CODE: <?php echo $product_discount['date_end']; ?>
LINE: 743
CODE: <?php echo $product_special['date_start']; ?>
LINE: 790
CODE: <?php echo $product_special['date_end']; ?>
LINE: 795
FILE: admin/controller/catalog/download.php
CODE: date($this->language->get('date_format_short')
LINE: 177
FILE: admin/controller/catalog/review.php
CODE: date($this->language->get('date_format_short')
LINE: 273
FILE: admin/controller/dashboard/recent.php
CODE: date($this->language->get('date_format_short')
LINE: 37
FILE: admin/controller/extension/modification.php
CODE: date($this->language->get('date_format_short')
LINE: 673
FILE: admin/controller/localisation/currency.php
CODE: date($this->language->get('date_format_short')
LINE: 212
FILE: admin/controller/localisation/tax_rate.php
CODE: date($this->language->get('date_format_short')
LINE: 180
LINE: 181
FILE: admin/controller/marketing/affiliate.php
CODE: date($this->language->get('date_format_short')
LINE: 414
LINE: 1198
FILE: admin/controller/marketing/marketing.php
CODE: date($this->language->get('date_format_short')
LINE: 253
FILE: admin/controller/report/sale_order.php
CODE: date($this->language->get('date_format_short')
LINE: 90
LINE: 91
FILE: admin/controller/report/sale_return.php
CODE: date($this->language->get('date_format_short')
LINE: 90
LINE: 91
FILE: admin/controller/report/sale_shipping.php
CODE: date($this->language->get('date_format_short')
LINE: 90
LINE: 91
FILE: admin/controller/report/sale_tax.php
CODE: date($this->language->get('date_format_short')
LINE: 92
LINE: 93
FILE: admin/controller/sale/customer.php
CODE: date($this->language->get('date_format_short')
LINE: 484
LINE: 1245
LINE: 1304
LINE: 1365
FILE: admin/controller/sale/order.php
CODE: date($this->language->get('date_format_short')
LINE: 388
LINE: 389
LINE: 1183
LINE: 1184
LINE: 1713
LINE: 1939
LINE: 2133
FILE: admin/controller/sale/recurring.php
CODE: date($this->language->get('date_format_short')
LINE: 139
LINE: 415
FILE: admin/controller/sale/return.php
CODE: date($this->language->get('date_format_short')
LINE: 365
LINE: 366
LINE: 969
FILE: admin/controller/sale/voucher.php
CODE: date($this->language->get('date_format_short')
LINE: 182
LINE: 565
FILE: admin/controller/tool/upload.php
CODE: date($this->language->get('date_format_short')
LINE: 150
FILE: admin/controller/user/api.php
CODE: date($this->language->get('date_format_short')
LINE: 178
FILE: admin/controller/user/user.php
CODE: date($this->language->get('date_format_short')
LINE: 178
FILE: admin/model/sale/return.php
CODE: date($this->language->get('date_format_short')
LINE: 180
FILE: catalog/controller/account/download.php
CODE: date($this->language->get('date_format_short')
LINE: 81
FILE: catalog/controller/account/order.php
CODE: date($this->language->get('date_format_short')
LINE: 74
LINE: 207
LINE: 366
FILE: catalog/controller/account/recurring.php
CODE: date($this->language->get('date_format_short')
LINE: 68
LINE: 165
FILE: catalog/controller/account/return.php
CODE: date($this->language->get('date_format_short')
LINE: 71
LINE: 181
LINE: 182
LINE: 201
FILE: catalog/controller/account/reward.php
CODE: date($this->language->get('date_format_short')
LINE: 67
FILE: catalog/controller/account/transaction.php
CODE: date($this->language->get('date_format_short')
LINE: 66
FILE: catalog/controller/affiliate/transaction.php
CODE: date($this->language->get('date_format_short')
LINE: 66
FILE: catalog/controller/product/product.php
CODE: date($this->language->get('date_format_short')
LINE: 714
CODE: 'date_added' => date('d/m/y', strtotime($result['date_added'])),
LINE: 1417
REGEX: ~\'filter_date_added\'\s+\=\>\s+\$filter_date_added\,~
LINE: 256
REGEX: ~\'filter_date_added\'\s+\=\>\s+\$filter_date_added\,~
LINE: 371
REGEX: ~\'filter_date_added\'\s+\=\>\s+\$filter_date_added\,~
LINE: 126
REGEX: ~\'filter_date_added\'\s+\=\>\s+\$filter_date_added\,~
LINE: 346
REGEX: ~\'filter_date_added\'\s+\=\>\s+\$filter_date_added\,~
LINE: 451
REGEX: ~\'filter_date_added\'\s+\=\>\s+\$filter_date_added\,~
LINE: 383
REGEX: ~\'filter_date_added\'\s+\=\>\s+\$filter_date_added\,~
LINE: 236
REGEX: ~\'filter_date_added\'\s+\=\>\s+\$filter_date_added\,~
LINE: 135
REGEX: ~\'filter_date_modified\'\s+\=\>\s+\$filter_date_modified\,~
LINE: 372
REGEX: ~\'filter_date_modified\'\s+\=\>\s+\$filter_date_modified\,~
LINE: 347
FILE: admin/model/marketing/coupon.php
CODE: date_start = '" . $this->db->escape($data['date_start']) . "', date_end = '" . $this->db->escape($data['date_end']) . "'
LINE: 5
LINE: 29
FILE: admin/controller/marketing/coupon.php
CODE: $data['heading_title'] = $this->language->get('heading_title');
LINE: 187
LINE: 276
CODE: date($this->language->get('date_format_short')
LINE: 179
LINE: 180
LINE: 603
FILE: admin/view/template/marketing/coupon_form.tpl
CODE: <?php echo $date_start; ?>
LINE: 158
CODE: <?php echo $date_end; ?>
LINE: 168
REGEX: ~\'filter_date_start\'\s+\=\>\s+\$filter_date_start\,~i
LINE: 77
REGEX: ~\'filter_date_start\'\s+\=\>\s+\$filter_date_start\,~i
LINE: 77
REGEX: ~\'filter_date_start\'\s+\=\>\s+\$filter_date_start\,~i
LINE: 77
FILE: admin/controller/report/product_purchased.php
REGEX: ~\'filter_date_start\'\s+\=\>\s+\$filter_date_start\,~i
LINE: 67
FILE: admin/controller/report/customer_order.php
REGEX: ~\'filter_date_start\'\s+\=\>\s+\$filter_date_start\,~i
LINE: 67
FILE: admin/controller/report/customer_reward.php
REGEX: ~\'filter_date_start\'\s+\=\>\s+\$filter_date_start\,~i
LINE: 57
FILE: admin/controller/report/customer_credit.php
REGEX: ~\'filter_date_start\'\s+\=\>\s+\$filter_date_start\,~i
LINE: 57
FILE: admin/controller/report/sale_coupon.php
REGEX: ~\'filter_date_start\'\s+\=\>\s+\$filter_date_start\,~i
LINE: 57
REGEX: ~\'filter_date_start\'\s+\=\>\s+\$filter_date_start\,~i
LINE: 77
FILE: admin/controller/report/affiliate.php
REGEX: ~\'filter_date_start\'\s+\=\>\s+\$filter_date_start\,~i
LINE: 57
FILE: admin/controller/report/affiliate_activity.php
REGEX: ~\'filter_date_start\'\s+\=\>\s+\$filter_date_start\,~i
LINE: 79
FILE: admin/controller/report/customer_activity.php
REGEX: ~\'filter_date_start\'\s+\=\>\s+\$filter_date_start\,~i
LINE: 79
FILE: admin/controller/report/marketing.php
REGEX: ~\'filter_date_start\'\s+\=\>\s+\$filter_date_start\,~i
LINE: 67
REGEX: ~\'filter_date_end\'\s+\=\>\s+\$filter_date_end\,~i
LINE: 78
REGEX: ~\'filter_date_end\'\s+\=\>\s+\$filter_date_end\,~i
LINE: 78
REGEX: ~\'filter_date_end\'\s+\=\>\s+\$filter_date_end\,~i
LINE: 78
REGEX: ~\'filter_date_end\'\s+\=\>\s+\$filter_date_end\,~i
LINE: 68
REGEX: ~\'filter_date_end\'\s+\=\>\s+\$filter_date_end\,~i
LINE: 68
REGEX: ~\'filter_date_end\'\s+\=\>\s+\$filter_date_end\,~i
LINE: 58
REGEX: ~\'filter_date_end\'\s+\=\>\s+\$filter_date_end\,~i
LINE: 58
REGEX: ~\'filter_date_end\'\s+\=\>\s+\$filter_date_end\,~i
LINE: 58
REGEX: ~\'filter_date_end\'\s+\=\>\s+\$filter_date_end\,~i
LINE: 78
REGEX: ~\'filter_date_end\'\s+\=\>\s+\$filter_date_end\,~i
LINE: 58
REGEX: ~\'filter_date_end\'\s+\=\>\s+\$filter_date_end\,~i
LINE: 80
REGEX: ~\'filter_date_end\'\s+\=\>\s+\$filter_date_end\,~i
LINE: 80
REGEX: ~\'filter_date_end\'\s+\=\>\s+\$filter_date_end\,~i
LINE: 68
CODE: $filter_date_start = date('Y-m-d', strtotime(date('Y') . '-' . date('m') . '-01'));
LINE: 10
CODE: $filter_date_end = date('Y-m-d');
LINE: 16
FILE: admin/controller/dashboard/activity.php
CODE: date($this->language->get('datetime_format'), strtotime($result['date_added']))
LINE: 36
CODE: date($this->language->get('datetime_format'), strtotime($result['date_added']))
LINE: 94
CODE: date($this->language->get('datetime_format'), strtotime($result['date_added']))
LINE: 104
FILE: admin/controller/report/customer_online.php
CODE: date($this->language->get('datetime_format'), strtotime($result['date_added']))
LINE: 82
FILE: admin/controller/dashboard/chart.php
CODE: $json['xaxis'][] = array(date('w', strtotime($date)), date('D', strtotime($date)));
LINE: 78
CODE: for ($i = 1; $i <= date('t'); $i++) {
LINE: 94
CODE: $json['xaxis'][] = array($i, date('M', mktime(0, 0, 0, $i)));
LINE: 119
FILE: admin/controller/dashboard/sale.php
CODE: date('Y-m-d', strtotime('-1 day'))
LINE: 13
CODE: date('Y-m-d', strtotime('-2 day'))
LINE: 15
FILE: admin/controller/dashboard/customer.php
CODE: date('Y-m-d', strtotime('-1 day'))
LINE: 14
CODE: date('Y-m-d', strtotime('-2 day'))
LINE: 16
FILE: admin/controller/dashboard/order.php
CODE: date('Y-m-d', strtotime('-1 day'))
LINE: 14
CODE: date('Y-m-d', strtotime('-2 day'))
LINE: 16
FILE: catalog/language/persian/persian.php
CODE: // Text
LINE: 17
FILE: catalog/language/english/english.php
CODE: // Text
LINE: 17
CODE: $data['heading_title']
LINE: 233
LINE: 667
CODE: $this->document->addScript('catalog/view/javascript/jquery/datetimepicker/moment.js');
LINE: 228
CODE: $this->document->addScript('catalog/view/javascript/jquery/datetimepicker/bootstrap-datetimepicker.min.js');
LINE: 229
CODE: $this->document->addStyle('catalog/view/javascript/jquery/datetimepicker/bootstrap-datetimepicker.min.css');
LINE: 230
FILE: catalog/controller/account/address.php
CODE: $data['heading_title']
LINE: 177
LINE: 294
CODE: $this->document->addScript('catalog/view/javascript/jquery/datetimepicker/moment.js');
LINE: 31
LINE: 69
CODE: $this->document->addScript('catalog/view/javascript/jquery/datetimepicker/bootstrap-datetimepicker.min.js');
LINE: 32
LINE: 70
CODE: $this->document->addStyle('catalog/view/javascript/jquery/datetimepicker/bootstrap-datetimepicker.min.css');
LINE: 33
LINE: 71
FILE: catalog/controller/account/edit.php
CODE: $data['heading_title']
LINE: 57
CODE: $this->document->addScript('catalog/view/javascript/jquery/datetimepicker/moment.js');
LINE: 15
CODE: $this->document->addScript('catalog/view/javascript/jquery/datetimepicker/bootstrap-datetimepicker.min.js');
LINE: 16
CODE: $this->document->addStyle('catalog/view/javascript/jquery/datetimepicker/bootstrap-datetimepicker.min.css');
LINE: 17
CODE: $data['heading_title']
LINE: 39
LINE: 154
LINE: 255
LINE: 332
LINE: 584
CODE: $this->document->addScript('catalog/view/javascript/jquery/datetimepicker/moment.js');
LINE: 310
CODE: $this->document->addScript('catalog/view/javascript/jquery/datetimepicker/bootstrap-datetimepicker.min.js');
LINE: 311
CODE: $this->document->addStyle('catalog/view/javascript/jquery/datetimepicker/bootstrap-datetimepicker.min.css');
LINE: 312
FILE: catalog/controller/account/register.php
CODE: $data['heading_title']
LINE: 63
CODE: $this->document->addScript('catalog/view/javascript/jquery/datetimepicker/moment.js');
LINE: 16
CODE: $this->document->addScript('catalog/view/javascript/jquery/datetimepicker/bootstrap-datetimepicker.min.js');
LINE: 17
CODE: $this->document->addStyle('catalog/view/javascript/jquery/datetimepicker/bootstrap-datetimepicker.min.css');
LINE: 18
FILE: catalog/controller/checkout/checkout.php
CODE: $data['heading_title']
LINE: 56
CODE: $this->document->addScript('catalog/view/javascript/jquery/datetimepicker/moment.js');
LINE: 29
CODE: $this->document->addScript('catalog/view/javascript/jquery/datetimepicker/bootstrap-datetimepicker.min.js');
LINE: 30
CODE: $this->document->addStyle('catalog/view/javascript/jquery/datetimepicker/bootstrap-datetimepicker.min.css');
LINE: 31
FILE: catalog/model/checkout/order.php
CODE: date($language->get('date_format_short')
LINE: 460
LINE: 616
LINE: 737
LINE: 814
FILE: admin/model/report/customer.php
CODE: for ($i = 1; $i <= date('t'); $i++) {
LINE: 75
CODE: $customer_data[date('j', strtotime($result['date_added']))] = array(
LINE: 88
CODE: for ($i = 1; $i <= 12; $i++) {
LINE: 134
CODE: $customer_data[date('n', strtotime($result['date_added']))] = array(
LINE: 145
FILE: admin/model/report/sale.php
CODE: for ($i = 1; $i <= date('t'); $i++) {
LINE: 111
CODE: $order_data[date('j', strtotime($result['date_added']))] = array(
LINE: 124
CODE: for ($i = 1; $i <= 12; $i++) {
LINE: 176
CODE: $order_data[date('n', strtotime($result['date_added']))] = array(
LINE: 187
CODE: order_status_id IN(" . implode(",", $implode) . ")
LINE: 36
LINE: 68
LINE: 120
LINE: 183
----------------------------------------------------------------
2017-10-24 2:57:15 - MOD: Modification Default
FILE: system/engine/action.php
REGEX: ~(require|include)(_once)?\(([^)]+)~
LINE: 58
FILE: system/engine/loader.php
REGEX: ~(require|include)(_once)?\(([^)]+)~
LINE: 20
LINE: 37
LINE: 54
LINE: 65
FILE: system/library/config.php
REGEX: ~(require|include)(_once)?\(([^)]+)~
LINE: 23
FILE: system/library/language.php
REGEX: ~(require|include)(_once)?\(([^)]+)~
LINE: 21
LINE: 27
----------------------------------------------------------------
MOD: Shamsi Date For Persian OpenCart
FILE: system/startup.php
CODE: date_default_timezone_set('UTC');
LINE: 10
CODE: error_reporting(E_ALL);
LINE: 3
FILE: admin/language/persian/persian.php
CODE: // Text
LINE: 17
FILE: admin/language/english/english.php
CODE: // Text
LINE: 17
FILE: admin/language/persian/common/footer.php
CODE: JF9bJ3RleHRfZm9vdGVyJ10gCT0gJ9qp2YTbjNmHINit2YLZiNmCINmG2LLYryA8YSBocmVmPSJodHRwOi8vd3d3Lm9wZW5jYXJ0LmlyIj7Yp9m+2YYg2qnYp9ix2Kog2YHYp9ix2LPbjDwvYT4g2YXYrdmB2YjYuCDYp9iz2KouICZjb3B5OyAxMzg4LScgLiBkYXRlKCdZJykgLiAnJzsNCiRfWyd0ZXh0X3ZlcnNpb24nXSAJPSAn2YbYs9iu2YcgJXMnOw==
LINE: 2
FILE: admin/view/template/common/header.tpl
CODE: view/javascript/jquery/datetimepicker/moment.js
LINE: 25
CODE: view/javascript/jquery/datetimepicker/bootstrap-datetimepicker.min.js
LINE: 26
CODE: view/javascript/jquery/datetimepicker/bootstrap-datetimepicker.min.css
LINE: 31
FILE: admin/model/catalog/product.php
CODE: $this->db->escape($data['date_available'])
LINE: 5
LINE: 130
CODE: $this->db->escape($product_discount['date_start'])
LINE: 53
LINE: 187
CODE: date_end = '" . $this->db->escape($product_discount['date_end']) . "'
LINE: 53
LINE: 187
CODE: date_start = '" . $this->db->escape($product_special['date_start']) . "'
LINE: 59
LINE: 195
CODE: date_end = '" . $this->db->escape($product_special['date_end']) . "'
LINE: 59
LINE: 195
FILE: admin/controller/catalog/product.php
CODE: $data['heading_title'] = $this->language->get('heading_title');
LINE: 378
LINE: 525
FILE: admin/view/template/catalog/product_form.tpl
CODE: <?php echo $date_available; ?>
LINE: 252
CODE: <?php echo $product_discount['date_start']; ?>
LINE: 738
CODE: <?php echo $product_discount['date_end']; ?>
LINE: 743
CODE: <?php echo $product_special['date_start']; ?>
LINE: 790
CODE: <?php echo $product_special['date_end']; ?>
LINE: 795
FILE: admin/controller/catalog/download.php
CODE: date($this->language->get('date_format_short')
LINE: 177
FILE: admin/controller/catalog/review.php
CODE: date($this->language->get('date_format_short')
LINE: 273
FILE: admin/controller/dashboard/recent.php
CODE: date($this->language->get('date_format_short')
LINE: 37
FILE: admin/controller/extension/modification.php
CODE: date($this->language->get('date_format_short')
LINE: 673
FILE: admin/controller/localisation/currency.php
CODE: date($this->language->get('date_format_short')
LINE: 212
FILE: admin/controller/localisation/tax_rate.php
CODE: date($this->language->get('date_format_short')
LINE: 180
LINE: 181
FILE: admin/controller/marketing/affiliate.php
CODE: date($this->language->get('date_format_short')
LINE: 414
LINE: 1198
FILE: admin/controller/marketing/marketing.php
CODE: date($this->language->get('date_format_short')
LINE: 253
FILE: admin/controller/report/sale_order.php
CODE: date($this->language->get('date_format_short')
LINE: 90
LINE: 91
FILE: admin/controller/report/sale_return.php
CODE: date($this->language->get('date_format_short')
LINE: 90
LINE: 91
FILE: admin/controller/report/sale_shipping.php
CODE: date($this->language->get('date_format_short')
LINE: 90
LINE: 91
FILE: admin/controller/report/sale_tax.php
CODE: date($this->language->get('date_format_short')
LINE: 92
LINE: 93
FILE: admin/controller/sale/customer.php
CODE: date($this->language->get('date_format_short')
LINE: 484
LINE: 1245
LINE: 1304
LINE: 1365
FILE: admin/controller/sale/order.php
CODE: date($this->language->get('date_format_short')
LINE: 388
LINE: 389
LINE: 1183
LINE: 1184
LINE: 1713
LINE: 1939
LINE: 2133
FILE: admin/controller/sale/recurring.php
CODE: date($this->language->get('date_format_short')
LINE: 139
LINE: 415
FILE: admin/controller/sale/return.php
CODE: date($this->language->get('date_format_short')
LINE: 365
LINE: 366
LINE: 969
FILE: admin/controller/sale/voucher.php
CODE: date($this->language->get('date_format_short')
LINE: 182
LINE: 565
FILE: admin/controller/tool/upload.php
CODE: date($this->language->get('date_format_short')
LINE: 150
FILE: admin/controller/user/api.php
CODE: date($this->language->get('date_format_short')
LINE: 178
FILE: admin/controller/user/user.php
CODE: date($this->language->get('date_format_short')
LINE: 178
FILE: admin/model/sale/return.php
CODE: date($this->language->get('date_format_short')
LINE: 180
FILE: catalog/controller/account/download.php
CODE: date($this->language->get('date_format_short')
LINE: 81
FILE: catalog/controller/account/order.php
CODE: date($this->language->get('date_format_short')
LINE: 74
LINE: 207
LINE: 366
FILE: catalog/controller/account/recurring.php
CODE: date($this->language->get('date_format_short')
LINE: 68
LINE: 165
FILE: catalog/controller/account/return.php
CODE: date($this->language->get('date_format_short')
LINE: 71
LINE: 181
LINE: 182
LINE: 201
FILE: catalog/controller/account/reward.php
CODE: date($this->language->get('date_format_short')
LINE: 67
FILE: catalog/controller/account/transaction.php
CODE: date($this->language->get('date_format_short')
LINE: 66
FILE: catalog/controller/affiliate/transaction.php
CODE: date($this->language->get('date_format_short')
LINE: 66
FILE: catalog/controller/product/product.php
CODE: date($this->language->get('date_format_short')
LINE: 714
CODE: 'date_added' => date('d/m/y', strtotime($result['date_added'])),
LINE: 1417
REGEX: ~\'filter_date_added\'\s+\=\>\s+\$filter_date_added\,~
LINE: 256
REGEX: ~\'filter_date_added\'\s+\=\>\s+\$filter_date_added\,~
LINE: 371
REGEX: ~\'filter_date_added\'\s+\=\>\s+\$filter_date_added\,~
LINE: 126
REGEX: ~\'filter_date_added\'\s+\=\>\s+\$filter_date_added\,~
LINE: 346
REGEX: ~\'filter_date_added\'\s+\=\>\s+\$filter_date_added\,~
LINE: 451
REGEX: ~\'filter_date_added\'\s+\=\>\s+\$filter_date_added\,~
LINE: 383
REGEX: ~\'filter_date_added\'\s+\=\>\s+\$filter_date_added\,~
LINE: 236
REGEX: ~\'filter_date_added\'\s+\=\>\s+\$filter_date_added\,~
LINE: 135
REGEX: ~\'filter_date_modified\'\s+\=\>\s+\$filter_date_modified\,~
LINE: 372
REGEX: ~\'filter_date_modified\'\s+\=\>\s+\$filter_date_modified\,~
LINE: 347
FILE: admin/model/marketing/coupon.php
CODE: date_start = '" . $this->db->escape($data['date_start']) . "', date_end = '" . $this->db->escape($data['date_end']) . "'
LINE: 5
LINE: 29
FILE: admin/controller/marketing/coupon.php
CODE: $data['heading_title'] = $this->language->get('heading_title');
LINE: 187
LINE: 276
CODE: date($this->language->get('date_format_short')
LINE: 179
LINE: 180
LINE: 603
FILE: admin/view/template/marketing/coupon_form.tpl
CODE: <?php echo $date_start; ?>
LINE: 158
CODE: <?php echo $date_end; ?>
LINE: 168
REGEX: ~\'filter_date_start\'\s+\=\>\s+\$filter_date_start\,~i
LINE: 77
REGEX: ~\'filter_date_start\'\s+\=\>\s+\$filter_date_start\,~i
LINE: 77
REGEX: ~\'filter_date_start\'\s+\=\>\s+\$filter_date_start\,~i
LINE: 77
FILE: admin/controller/report/product_purchased.php
REGEX: ~\'filter_date_start\'\s+\=\>\s+\$filter_date_start\,~i
LINE: 67
FILE: admin/controller/report/customer_order.php
REGEX: ~\'filter_date_start\'\s+\=\>\s+\$filter_date_start\,~i
LINE: 67
FILE: admin/controller/report/customer_reward.php
REGEX: ~\'filter_date_start\'\s+\=\>\s+\$filter_date_start\,~i
LINE: 57
FILE: admin/controller/report/customer_credit.php
REGEX: ~\'filter_date_start\'\s+\=\>\s+\$filter_date_start\,~i
LINE: 57
FILE: admin/controller/report/sale_coupon.php
REGEX: ~\'filter_date_start\'\s+\=\>\s+\$filter_date_start\,~i
LINE: 57
REGEX: ~\'filter_date_start\'\s+\=\>\s+\$filter_date_start\,~i
LINE: 77
FILE: admin/controller/report/affiliate.php
REGEX: ~\'filter_date_start\'\s+\=\>\s+\$filter_date_start\,~i
LINE: 57
FILE: admin/controller/report/affiliate_activity.php
REGEX: ~\'filter_date_start\'\s+\=\>\s+\$filter_date_start\,~i
LINE: 79
FILE: admin/controller/report/customer_activity.php
REGEX: ~\'filter_date_start\'\s+\=\>\s+\$filter_date_start\,~i
LINE: 79
FILE: admin/controller/report/marketing.php
REGEX: ~\'filter_date_start\'\s+\=\>\s+\$filter_date_start\,~i
LINE: 67
REGEX: ~\'filter_date_end\'\s+\=\>\s+\$filter_date_end\,~i
LINE: 78
REGEX: ~\'filter_date_end\'\s+\=\>\s+\$filter_date_end\,~i
LINE: 78
REGEX: ~\'filter_date_end\'\s+\=\>\s+\$filter_date_end\,~i
LINE: 78
REGEX: ~\'filter_date_end\'\s+\=\>\s+\$filter_date_end\,~i
LINE: 68
REGEX: ~\'filter_date_end\'\s+\=\>\s+\$filter_date_end\,~i
LINE: 68
REGEX: ~\'filter_date_end\'\s+\=\>\s+\$filter_date_end\,~i
LINE: 58
REGEX: ~\'filter_date_end\'\s+\=\>\s+\$filter_date_end\,~i
LINE: 58
REGEX: ~\'filter_date_end\'\s+\=\>\s+\$filter_date_end\,~i
LINE: 58
REGEX: ~\'filter_date_end\'\s+\=\>\s+\$filter_date_end\,~i
LINE: 78
REGEX: ~\'filter_date_end\'\s+\=\>\s+\$filter_date_end\,~i
LINE: 58
REGEX: ~\'filter_date_end\'\s+\=\>\s+\$filter_date_end\,~i
LINE: 80
REGEX: ~\'filter_date_end\'\s+\=\>\s+\$filter_date_end\,~i
LINE: 80
REGEX: ~\'filter_date_end\'\s+\=\>\s+\$filter_date_end\,~i
LINE: 68
CODE: $filter_date_start = date('Y-m-d', strtotime(date('Y') . '-' . date('m') . '-01'));
LINE: 10
CODE: $filter_date_end = date('Y-m-d');
LINE: 16
FILE: admin/controller/dashboard/activity.php
CODE: date($this->language->get('datetime_format'), strtotime($result['date_added']))
LINE: 36
CODE: date($this->language->get('datetime_format'), strtotime($result['date_added']))
LINE: 94
CODE: date($this->language->get('datetime_format'), strtotime($result['date_added']))
LINE: 104
FILE: admin/controller/report/customer_online.php
CODE: date($this->language->get('datetime_format'), strtotime($result['date_added']))
LINE: 82
FILE: admin/controller/dashboard/chart.php
CODE: $json['xaxis'][] = array(date('w', strtotime($date)), date('D', strtotime($date)));
LINE: 78
CODE: for ($i = 1; $i <= date('t'); $i++) {
LINE: 94
CODE: $json['xaxis'][] = array($i, date('M', mktime(0, 0, 0, $i)));
LINE: 119
FILE: admin/controller/dashboard/sale.php
CODE: date('Y-m-d', strtotime('-1 day'))
LINE: 13
CODE: date('Y-m-d', strtotime('-2 day'))
LINE: 15
FILE: admin/controller/dashboard/customer.php
CODE: date('Y-m-d', strtotime('-1 day'))
LINE: 14
CODE: date('Y-m-d', strtotime('-2 day'))
LINE: 16
FILE: admin/controller/dashboard/order.php
CODE: date('Y-m-d', strtotime('-1 day'))
LINE: 14
CODE: date('Y-m-d', strtotime('-2 day'))
LINE: 16
FILE: catalog/language/persian/persian.php
CODE: // Text
LINE: 17
FILE: catalog/language/english/english.php
CODE: // Text
LINE: 17
CODE: $data['heading_title']
LINE: 233
LINE: 667
CODE: $this->document->addScript('catalog/view/javascript/jquery/datetimepicker/moment.js');
LINE: 228
CODE: $this->document->addScript('catalog/view/javascript/jquery/datetimepicker/bootstrap-datetimepicker.min.js');
LINE: 229
CODE: $this->document->addStyle('catalog/view/javascript/jquery/datetimepicker/bootstrap-datetimepicker.min.css');
LINE: 230
FILE: catalog/controller/account/address.php
CODE: $data['heading_title']
LINE: 177
LINE: 294
CODE: $this->document->addScript('catalog/view/javascript/jquery/datetimepicker/moment.js');
LINE: 31
LINE: 69
CODE: $this->document->addScript('catalog/view/javascript/jquery/datetimepicker/bootstrap-datetimepicker.min.js');
LINE: 32
LINE: 70
CODE: $this->document->addStyle('catalog/view/javascript/jquery/datetimepicker/bootstrap-datetimepicker.min.css');
LINE: 33
LINE: 71
FILE: catalog/controller/account/edit.php
CODE: $data['heading_title']
LINE: 57
CODE: $this->document->addScript('catalog/view/javascript/jquery/datetimepicker/moment.js');
LINE: 15
CODE: $this->document->addScript('catalog/view/javascript/jquery/datetimepicker/bootstrap-datetimepicker.min.js');
LINE: 16
CODE: $this->document->addStyle('catalog/view/javascript/jquery/datetimepicker/bootstrap-datetimepicker.min.css');
LINE: 17
CODE: $data['heading_title']
LINE: 39
LINE: 154
LINE: 255
LINE: 332
LINE: 584
CODE: $this->document->addScript('catalog/view/javascript/jquery/datetimepicker/moment.js');
LINE: 310
CODE: $this->document->addScript('catalog/view/javascript/jquery/datetimepicker/bootstrap-datetimepicker.min.js');
LINE: 311
CODE: $this->document->addStyle('catalog/view/javascript/jquery/datetimepicker/bootstrap-datetimepicker.min.css');
LINE: 312
FILE: catalog/controller/account/register.php
CODE: $data['heading_title']
LINE: 63
CODE: $this->document->addScript('catalog/view/javascript/jquery/datetimepicker/moment.js');
LINE: 16
CODE: $this->document->addScript('catalog/view/javascript/jquery/datetimepicker/bootstrap-datetimepicker.min.js');
LINE: 17
CODE: $this->document->addStyle('catalog/view/javascript/jquery/datetimepicker/bootstrap-datetimepicker.min.css');
LINE: 18
FILE: catalog/controller/checkout/checkout.php
CODE: $data['heading_title']
LINE: 56
CODE: $this->document->addScript('catalog/view/javascript/jquery/datetimepicker/moment.js');
LINE: 29
CODE: $this->document->addScript('catalog/view/javascript/jquery/datetimepicker/bootstrap-datetimepicker.min.js');
LINE: 30
CODE: $this->document->addStyle('catalog/view/javascript/jquery/datetimepicker/bootstrap-datetimepicker.min.css');
LINE: 31
FILE: catalog/model/checkout/order.php
CODE: date($language->get('date_format_short')
LINE: 460
LINE: 616
LINE: 737
LINE: 814
FILE: admin/model/report/customer.php
CODE: for ($i = 1; $i <= date('t'); $i++) {
LINE: 75
CODE: $customer_data[date('j', strtotime($result['date_added']))] = array(
LINE: 88
CODE: for ($i = 1; $i <= 12; $i++) {
LINE: 134
CODE: $customer_data[date('n', strtotime($result['date_added']))] = array(
LINE: 145
FILE: admin/model/report/sale.php
CODE: for ($i = 1; $i <= date('t'); $i++) {
LINE: 111
CODE: $order_data[date('j', strtotime($result['date_added']))] = array(
LINE: 124
CODE: for ($i = 1; $i <= 12; $i++) {
LINE: 176
CODE: $order_data[date('n', strtotime($result['date_added']))] = array(
LINE: 187
CODE: order_status_id IN(" . implode(",", $implode) . ")
LINE: 36
LINE: 68
LINE: 120
LINE: 183
----------------------------------------------------------------
2017-10-24 2:57:29 - MOD: Modification Default
FILE: system/engine/action.php
REGEX: ~(require|include)(_once)?\(([^)]+)~
LINE: 58
FILE: system/engine/loader.php
REGEX: ~(require|include)(_once)?\(([^)]+)~
LINE: 20
LINE: 37
LINE: 54
LINE: 65
FILE: system/library/config.php
REGEX: ~(require|include)(_once)?\(([^)]+)~
LINE: 23
FILE: system/library/language.php
REGEX: ~(require|include)(_once)?\(([^)]+)~
LINE: 21
LINE: 27
----------------------------------------------------------------
